[    0.000000] Initializing cgroup subsys cpuset
[    0.000000] Initializing cgroup subsys cpu
[    0.000000] Initializing cgroup subsys cpuacct
[    0.000000] Linux version 4.4.0-97-generic (buildd@lcy01-33) (gcc version 5.4.0 20160609 (Ubuntu 5.4.0-6ubuntu1~16.04.4) ) #120-Ubuntu SMP Tue Sep 19 17:28:18 UTC 2017 (Ubuntu 4.4.0-97.120-generic 4.4.87)
[    0.000000] Command line: BOOT_IMAGE=/boot/vmlinuz-4.4.0-97-generic root=UUID=3f513ff0-5157-487f-95f9-0886b2752eda ro console=tty1 console=ttyS0
[    0.000000] KERNEL supported cpus:
[    0.000000]   Intel GenuineIntel
[    0.000000]   AMD AuthenticAMD
[    0.000000]   Centaur CentaurHauls
[    0.000000] ------------[ cut here ]------------
[    0.000000] WARNING: CPU: 0 PID: 0 at /build/linux-Pcn0xK/linux-4.4.0/arch/x86/kernel/fpu/xstate.c:517 fpu__init_system_xstate+0x38b/0x75a()
[    0.000000] XSAVE consistency problem, dumping leaves
[    0.000000] Modules linked in:
[    0.000000] CPU: 0 PID: 0 Comm: swapper Not tainted 4.4.0-97-generic #120-Ubuntu
[    0.000000]  0000000000000086 3c7037764d7785f4 ffffffff81e03d80 ffffffff813fabe3
[    0.000000]  ffffffff81e03dc8 ffffffff81caa640 ffffffff81e03db8 ffffffff810812e2
[    0.000000]  ffffffff81e03e48 ffffffff81e03e4c 0000000000000008 0000000000000100
[    0.000000] Call Trace:
[    0.000000]  [<ffffffff813fabe3>] dump_stack+0x63/0x90
[    0.000000]  [<ffffffff810812e2>] warn_slowpath_common+0x82/0xc0
[    0.000000]  [<ffffffff8108137c>] warn_slowpath_fmt+0x5c/0x80
[    0.000000]  [<ffffffff8107cff0>] ? xfeature_size+0x59/0x77
[    0.000000]  [<ffffffff81f6e20b>] fpu__init_system_xstate+0x38b/0x75a
[    0.000000]  [<ffffffff81f5e120>] ? early_idt_handler_array+0x120/0x120
[    0.000000]  [<ffffffff81f6db76>] fpu__init_system+0x10d/0x245
[    0.000000]  [<ffffffff81f6ec7f>] early_cpu_init+0x139/0x13e
[    0.000000]  [<ffffffff81f6ec7f>] ? early_cpu_init+0x139/0x13e
[    0.000000]  [<ffffffff81f6a181>] setup_arch+0xb4/0xcf6
[    0.000000]  [<ffffffff81f5e120>] ? early_idt_handler_array+0x120/0x120
[    0.000000]  [<ffffffff81f5ec74>] start_kernel+0xe4/0x4a2
[    0.000000]  [<ffffffff81f5e120>] ? early_idt_handler_array+0x120/0x120
[    0.000000]  [<ffffffff81f5e339>] x86_64_start_reservations+0x2a/0x2c
[    0.000000]  [<ffffffff81f5e485>] x86_64_start_kernel+0x14a/0x16d
[    0.000000] ---[ end trace 4d5ff9f2f68c4233 ]---
[    0.000000] CPUID[0d, 00]: eax=00000007 ebx=00000440 ecx=00000440 edx=00000000
[    0.000000] CPUID[0d, 01]: eax=00000000 ebx=000003c0 ecx=00000000 edx=00000000
[    0.000000] CPUID[0d, 02]: eax=00000100 ebx=00000240 ecx=00000000 edx=00000000
[    0.000000] CPUID[0d, 03]: eax=00000000 ebx=00000000 ecx=00000000 edx=00000000
[    0.000000] CPUID[0d, 04]: eax=00000000 ebx=00000000 ecx=00000000 edx=00000000
[    0.000000] CPUID[0d, 05]: eax=00000000 ebx=00000000 ecx=00000000 edx=00000000
[    0.000000] CPUID[0d, 06]: eax=00000000 ebx=00000000 ecx=00000000 edx=00000000
[    0.000000] CPUID[0d, 07]: eax=00000000 ebx=00000000 ecx=00000000 edx=00000000
[    0.000000] CPUID[0d, 08]: eax=00000000 ebx=00000000 ecx=00000000 edx=00000000
[    0.000000] CPUID[0d, 09]: eax=00000000 ebx=00000000 ecx=00000000 edx=00000000
[    0.000000] CPUID[0d, 0a]: eax=00000000 ebx=00000000 ecx=00000000 edx=00000000
[    0.000000] CPUID[0d, 0b]: eax=00000000 ebx=00000000 ecx=00000000 edx=00000000
[    0.000000] CPUID[0d, 0c]: eax=00000000 ebx=00000000 ecx=00000000 edx=00000000
[    0.000000] CPUID[0d, 0d]: eax=00000000 ebx=00000000 ecx=00000000 edx=00000000
[    0.000000] CPUID[0d, 0e]: eax=00000000 ebx=00000000 ecx=00000000 edx=00000000
[    0.000000] CPUID[0d, 0f]: eax=00000000 ebx=00000000 ecx=00000000 edx=00000000
[    0.000000] CPUID[0d, 10]: eax=00000000 ebx=00000000 ecx=00000000 edx=00000000
[    0.000000] CPUID[0d, 11]: eax=00000000 ebx=00000000 ecx=00000000 edx=00000000
[    0.000000] x86/fpu: xstate_offset[2]:  576, xstate_sizes[2]:  256
[    0.000000] x86/fpu: Supporting XSAVE feature 0x01: 'x87 floating point registers'
[    0.000000] x86/fpu: Supporting XSAVE feature 0x02: 'SSE registers'
[    0.000000] x86/fpu: Supporting XSAVE feature 0x04: 'AVX registers'
[    0.000000] x86/fpu: Enabled xstate features 0x7, context size is 1088 bytes, using 'standard' format.
[    0.000000] x86/fpu: Using 'lazy' FPU context switches.
[    0.000000] e820: BIOS-provided physical RAM map:
[    0.000000] BIOS-e820: [mem 0x0000000000000000-0x000000000009fbff] usable
[    0.000000] BIOS-e820: [mem 0x000000000009fc00-0x000000000009ffff] reserved
[    0.000000] BIOS-e820: [mem 0x00000000000f0000-0x00000000000fffff] reserved
[    0.000000] BIOS-e820: [mem 0x0000000000100000-0x000000003ffeffff] usable
[    0.000000] BIOS-e820: [mem 0x000000003fff0000-0x000000003fffffff] ACPI data
[    0.000000] BIOS-e820: [mem 0x00000000fec00000-0x00000000fec00fff] reserved
[    0.000000] BIOS-e820: [mem 0x00000000fee00000-0x00000000fee00fff] reserved
[    0.000000] BIOS-e820: [mem 0x00000000fffc0000-0x00000000ffffffff] reserved
[    0.000000] NX (Execute Disable) protection: active
[    0.000000] SMBIOS 2.5 present.
[    0.000000] Hypervisor detected: KVM
[    0.000000] e820: last_pfn = 0x3fff0 max_arch_pfn = 0x400000000
[    0.000000] MTRR: Disabled
[    0.000000] x86/PAT: MTRRs disabled, skipping PAT initialization too.
[    0.000000] CPU MTRRs all blank - virtualized system.
[    0.000000] x86/PAT: Configuration [0-7]: WB  WT  UC- UC  WB  WT  UC- UC  
[    0.000000] found SMP MP-table at [mem 0x0009fff0-0x0009ffff] mapped at [ffff88000009fff0]
[    0.000000] Scanning 1 areas for low memory corruption
[    0.000000] RAMDISK: [mem 0x36230000-0x3710ffff]
[    0.000000] ACPI: Early table checksum verification disabled
[    0.000000] ACPI: RSDP 0x00000000000E0000 000024 (v02 VBOX  )
[    0.000000] ACPI: XSDT 0x000000003FFF0030 00003C (v01 VBOX   VBOXXSDT 00000001 ASL  00000061)
[    0.000000] ACPI: FACP 0x000000003FFF00F0 0000F4 (v04 VBOX   VBOXFACP 00000001 ASL  00000061)
[    0.000000] ACPI: DSDT 0x000000003FFF0470 0021C8 (v02 VBOX   VBOXBIOS 00000002 INTL 20100528)
[    0.000000] ACPI: FACS 0x000000003FFF0200 000040
[    0.000000] ACPI: FACS 0x000000003FFF0200 000040
[    0.000000] ACPI: APIC 0x000000003FFF0240 00005C (v02 VBOX   VBOXAPIC 00000001 ASL  00000061)
[    0.000000] ACPI: SSDT 0x000000003FFF02A0 0001CC (v01 VBOX   VBOXCPUT 00000002 INTL 20100528)
[    0.000000] No NUMA configuration found
[    0.000000] Faking a node at [mem 0x0000000000000000-0x000000003ffeffff]
[    0.000000] NODE_DATA(0) allocated [mem 0x3ffeb000-0x3ffeffff]
[    0.000000] kvm-clock: Using msrs 4b564d01 and 4b564d00
[    0.000000] kvm-clock: cpu 0, msr 0:3ffe3001, primary cpu clock
[    0.000000] kvm-clock: using sched offset of 3737437942 cycles
[    0.000000] clocksource: kvm-clock: mask: 0xffffffffffffffff max_cycles: 0x1cd42e4dffb, max_idle_ns: 881590591483 ns
[    0.000000] Zone ranges:
[    0.000000]   DMA      [mem 0x0000000000001000-0x0000000000ffffff]
[    0.000000]   DMA32    [mem 0x0000000001000000-0x000000003ffeffff]
[    0.000000]   Normal   empty
[    0.000000]   Device   empty
[    0.000000] Movable zone start for each node
[    0.000000] Early memory node ranges
[    0.000000]   node   0: [mem 0x0000000000001000-0x000000000009efff]
[    0.000000]   node   0: [mem 0x0000000000100000-0x000000003ffeffff]
[    0.000000] Initmem setup node 0 [mem 0x0000000000001000-0x000000003ffeffff]
[    0.000000] ACPI: PM-Timer IO Port: 0x4008
[    0.000000] IOAPIC[0]: apic_id 2, version 32, address 0xfec00000, GSI 0-23
[    0.000000] ACPI: INT_SRC_OVR (bus 0 bus_irq 0 global_irq 2 dfl dfl)
[    0.000000] ACPI: INT_SRC_OVR (bus 0 bus_irq 9 global_irq 9 high level)
[    0.000000] Using ACPI (MADT) for SMP configuration information
[    0.000000] smpboot: Allowing 2 CPUs, 0 hotplug CPUs
[    0.000000] PM: Registered nosave memory: [mem 0x00000000-0x00000fff]
[    0.000000] PM: Registered nosave memory: [mem 0x0009f000-0x0009ffff]
[    0.000000] PM: Registered nosave memory: [mem 0x000a0000-0x000effff]
[    0.000000] PM: Registered nosave memory: [mem 0x000f0000-0x000fffff]
[    0.000000] e820: [mem 0x40000000-0xfebfffff] available for PCI devices
[    0.000000] Booting paravirtualized kernel on KVM
[    0.000000] clocksource: refined-jiffies: mask: 0xffffffff max_cycles: 0xffffffff, max_idle_ns: 7645519600211568 ns
[    0.000000] setup_percpu: NR_CPUS:512 nr_cpumask_bits:512 nr_cpu_ids:2 nr_node_ids:1
[    0.000000] PERCPU: Embedded 34 pages/cpu @ffff88003fc00000 s98328 r8192 d32744 u1048576
[    0.000000] PV qspinlock hash table entries: 256 (order: 0, 4096 bytes)
[    0.000000] Built 1 zonelists in Node order, mobility grouping on.  Total pages: 257913
[    0.000000] Policy zone: DMA32
[    0.000000] Kernel command line: BOOT_IMAGE=/boot/vmlinuz-4.4.0-97-generic root=UUID=3f513ff0-5157-487f-95f9-0886b2752eda ro console=tty1 console=ttyS0
[    0.000000] PID hash table entries: 4096 (order: 3, 32768 bytes)
[    0.000000] Memory: 997332K/1048120K available (8480K kernel code, 1294K rwdata, 3984K rodata, 1492K init, 1316K bss, 50788K reserved, 0K cma-reserved)
[    0.000000] SLUB: HWalign=64, Order=0-3, MinObjects=0, CPUs=2, Nodes=1
[    0.000000] Hierarchical RCU implementation.
[    0.000000] 	Build-time adjustment of leaf fanout to 64.
[    0.000000] 	RCU restricting CPUs from NR_CPUS=512 to nr_cpu_ids=2.
[    0.000000] RCU: Adjusting geometry for rcu_fanout_leaf=64, nr_cpu_ids=2
[    0.000000] NR_IRQS:33024 nr_irqs:440 16
[    0.000000] Console: colour VGA+ 80x25
[    0.000000] console [tty1] enabled
[    0.000000] console [ttyS0] enabled
[    0.000000] tsc: Detected 2808.002 MHz processor
[   20.281249] Calibrating delay loop (skipped) preset value.. 5616.00 BogoMIPS (lpj=11232008)
[   20.432882] pid_max: default: 32768 minimum: 301
[   20.544444] ACPI: Core revision 20150930
[   20.547339] ACPI: 2 ACPI AML tables successfully acquired and loaded
[   20.689319] Security Framework initialized
[   20.736272] Yama: becoming mindful.
[   20.784703] AppArmor: AppArmor initialized
[   20.821381] Dentry cache hash table entries: 131072 (order: 8, 1048576 bytes)
[   20.880081] Inode-cache hash table entries: 65536 (order: 7, 524288 bytes)
[   20.910200] Mount-cache hash table entries: 2048 (order: 2, 16384 bytes)
[   20.925807] Mountpoint-cache hash table entries: 2048 (order: 2, 16384 bytes)
[   20.953002] Initializing cgroup subsys io
[   20.969964] Initializing cgroup subsys memory
[   20.986231] Initializing cgroup subsys devices
[   21.002323] Initializing cgroup subsys freezer
[   21.012148] Initializing cgroup subsys net_cls
[   21.025835] Initializing cgroup subsys perf_event
[   21.032232] Initializing cgroup subsys net_prio
[   21.039268] Initializing cgroup subsys hugetlb
[   21.056671] Initializing cgroup subsys pids
[   21.065594] CPU: Physical Processor ID: 0
[   21.084479] CPU: Processor Core ID: 0
[   21.088949] mce: CPU supports 0 MCE banks
[   21.096993] Last level iTLB entries: 4KB 64, 2MB 8, 4MB 8
[   21.114640] Last level dTLB entries: 4KB 64, 2MB 0, 4MB 0, 1GB 4
[   21.122975] Freeing SMP alternatives memory: 32K
[   21.162175] ftrace: allocating 32148 entries in 126 pages
[   21.267484] smpboot: APIC(0) Converting physical 0 to logical package 0
[   21.356044] smpboot: Max logical packages: 1
[   21.442862] x2apic enabled
[   21.493870] Switched APIC routing to physical x2apic.
[   21.628781] ..TIMER: vector=0x30 apic1=0 pin1=2 apic2=-1 pin2=-1
[   21.863508] smpboot: CPU0: Intel(R) Core(TM) i7-7700HQ CPU @ 2.80GHz (family: 0x6, model: 0x9e, stepping: 0x9)
[   22.004561] Performance Events: unsupported p6 CPU model 158 no PMU driver, software events only.
[   22.217255] KVM setup paravirtual spinlock
[   22.337924] x86: Booting SMP configuration:
[   22.422725] .... node  #0, CPUs:      #1
[   22.498815] kvm-clock: cpu 1, msr 0:3ffe3041, secondary cpu clock
[   22.571880] mce: CPU supports 0 MCE banks
[   22.647802] x86: Booted up 1 node, 2 CPUs
[   22.754128] smpboot: Total of 2 processors activated (11232.00 BogoMIPS)
[   22.945023] devtmpfs: initialized
[   22.975956] evm: security.selinux
[   23.059482] evm: security.SMACK64
[   23.153840] evm: security.SMACK64EXEC
[   23.258558] evm: security.SMACK64TRANSMUTE
[   23.370557] evm: security.SMACK64MMAP
[   23.476289] evm: security.ima
[   23.518329] evm: security.capability
[   23.600250] clocksource: jiffies: mask: 0xffffffff max_cycles: 0xffffffff, max_idle_ns: 7645041785100000 ns
[   23.821645] futex hash table entries: 512 (order: 3, 32768 bytes)
[   23.964829] pinctrl core: initialized pinctrl subsystem
[   24.106022] RTC time:  8:17:33, date: 11/04/17
[   24.218011] NET: Registered protocol family 16
[   24.328525] cpuidle: using governor ladder
[   24.424749] cpuidle: using governor menu
[   24.527021] PCCT header not found.
[   24.582451] ACPI: bus type PCI registered
[   24.597517] acpiphp: ACPI Hot Plug PCI Controller Driver version: 0.5
[   24.600475] PCI: Using configuration type 1 for base access
[   24.640785] ACPI: Added _OSI(Module Device)
[   24.743721] ACPI: Added _OSI(Processor Device)
[   24.791683] ACPI: Added _OSI(3.0 _SCP Extensions)
[   24.806981] ACPI: Added _OSI(Processor Aggregator Device)
[   24.921895] ACPI: Executed 1 blocks of module-level executable AML code
[   25.099700] ACPI: Interpreter enabled
[   25.196403] ACPI: (supports S0 S5)
[   25.290160] ACPI: Using IOAPIC for interrupt routing
[   25.334027] PCI: Using host bridge windows from ACPI; if necessary, use "pci=nocrs" and report a bug
[   25.547656] ACPI: PCI Root Bridge [PCI0] (domain 0000 [bus 00-ff])
[   25.686408] acpi PNP0A03:00: _OSC: OS supports [ASPM ClockPM Segments MSI]
[   25.776570] acpi PNP0A03:00: _OSC failed (AE_NOT_FOUND); disabling ASPM
[   25.888411] acpi PNP0A03:00: fail to add MMCONFIG information, can't access extended PCI configuration space under this bridge.
[   25.903277] PCI host bridge to bus 0000:00
[   25.990096] pci_bus 0000:00: root bus resource [io  0x0000-0x0cf7 window]
[   26.146603] pci_bus 0000:00: root bus resource [io  0x0d00-0xffff window]
[   26.324543] pci_bus 0000:00: root bus resource [mem 0x000a0000-0x000bffff window]
[   26.508476] pci_bus 0000:00: root bus resource [mem 0x40000000-0xffdfffff window]
[   26.712523] pci_bus 0000:00: root bus resource [bus 00-ff]
[   26.819616] pci 0000:00:01.1: legacy IDE quirk: reg 0x10: [io  0x01f0-0x01f7]
[   26.999065] pci 0000:00:01.1: legacy IDE quirk: reg 0x14: [io  0x03f6]
[   27.146283] pci 0000:00:01.1: legacy IDE quirk: reg 0x18: [io  0x0170-0x0177]
[   27.334248] pci 0000:00:01.1: legacy IDE quirk: reg 0x1c: [io  0x0376]
[   27.376906] pci 0000:00:07.0: quirk: [io  0x4000-0x403f] claimed by PIIX4 ACPI
[   27.554697] pci 0000:00:07.0: quirk: [io  0x4100-0x410f] claimed by PIIX4 SMB
[   27.599083] ACPI: PCI Interrupt Link [LNKA] (IRQs 5 9 10 *11)
[   27.644546] ACPI: PCI Interrupt Link [LNKB] (IRQs 5 9 10 *11)
[   27.647003] ACPI: PCI Interrupt Link [LNKC] (IRQs 5 9 *10 11)
[   27.664197] ACPI: PCI Interrupt Link [LNKD] (IRQs 5 *9 10 11)
[   27.728136] ACPI: Enabled 2 GPEs in block 00 to 07
[   27.741436] vgaarb: setting as boot device: PCI:0000:00:02.0
[   27.856025] vgaarb: device added: PCI:0000:00:02.0,decodes=io+mem,owns=io+mem,locks=none
[   27.915836] vgaarb: loaded
[   27.946711] vgaarb: bridge control possible 0000:00:02.0
[   28.097289] SCSI subsystem initialized
[   28.176589] ACPI: bus type USB registered
[   28.276703] usbcore: registered new interface driver usbfs
[   28.355870] usbcore: registered new interface driver hub
[   28.357435] usbcore: registered new device driver usb
[   28.359325] PCI: Using ACPI for IRQ routing
[   28.441790] NetLabel: Initializing
[   28.455026] NetLabel:  domain hash size = 128
[   28.472334] NetLabel:  protocols = UNLABELED CIPSOv4
[   28.476874] NetLabel:  unlabeled traffic allowed by default
[   28.478713] amd_nb: Cannot enumerate AMD northbridges
[   28.619256] clocksource: Switched to clocksource kvm-clock
[   28.783085] AppArmor: AppArmor Filesystem Enabled
[   28.919523] pnp: PnP ACPI init
[   28.952838] pnp: PnP ACPI: found 3 devices
[   29.092455] clocksource: acpi_pm: mask: 0xffffff max_cycles: 0xffffff, max_idle_ns: 2085701024 ns
[   29.350064] NET: Registered protocol family 2
[   29.477616] TCP established hash table entries: 8192 (order: 4, 65536 bytes)
[   29.685567] TCP bind hash table entries: 8192 (order: 5, 131072 bytes)
[   29.880787] TCP: Hash tables configured (established 8192 bind 8192)
[   30.054079] UDP hash table entries: 512 (order: 2, 16384 bytes)
[   30.208974] UDP-Lite hash table entries: 512 (order: 2, 16384 bytes)
[   30.399667] NET: Registered protocol family 1
[   30.523886] pci 0000:00:00.0: Limiting direct PCI/PCI transfers
[   30.683410] pci 0000:00:01.0: Activating ISA DMA hang workarounds
[   30.858480] Unpacking initramfs...
[   31.347477] Freeing initrd memory: 15232K
[   31.413996] platform rtc_cmos: registered platform RTC device (no PNP device found)
[   31.582755] Scanning for low memory corruption every 60 seconds
[   31.653901] audit: initializing netlink subsys (disabled)
[   31.655529] audit: type=2000 audit(1509783438.713:1): initialized
[   31.781138] Initialise system trusted keyring
[   31.812247] HugeTLB registered 2 MB page size, pre-allocated 0 pages
[   31.858394] zbud: loaded
[   31.912096] VFS: Disk quotas dquot_6.6.0
[   31.989222] VFS: Dquot-cache hash table entries: 512 (order 0, 4096 bytes)
[   32.054924] squashfs: version 4.0 (2009/01/31) Phillip Lougher
[   32.144283] fuse init (API version 7.23)
[   32.186318] Key type big_key registered
[   32.187653] Allocating IMA MOK and blacklist keyrings.
[   32.190932] Key type asymmetric registered
[   32.221866] Asymmetric key parser 'x509' registered
[   32.246832] Block layer SCSI generic (bsg) driver version 0.4 loaded (major 249)
[   32.299111] io scheduler noop registered
[   32.370742] io scheduler deadline registered (default)
[   32.456540] tsc: Refined TSC clocksource calibration: 2808.825 MHz
[   32.596575] clocksource: tsc: mask: 0xffffffffffffffff max_cycles: 0x287cd14fad2, max_idle_ns: 440795212584 ns
[   32.596839] io scheduler cfq registered
[   32.597018] pci_hotplug: PCI Hot Plug PCI Core version: 0.5
[   32.597025] pciehp: PCI Express Hot Plug Controller Driver version: 0.4
[   32.597306] ACPI: AC Adapter [AC] (off-line)
[   32.597387] input: Power Button as /devices/LNXSYSTM:00/LNXPWRBN:00/input/input0
[   32.597392] ACPI: Power Button [PWRF]
[   32.597493] input: Sleep Button as /devices/LNXSYSTM:00/LNXSLPBN:00/input/input1
[   32.597495] ACPI: Sleep Button [SLPF]
[   32.597766] GHES: HEST is not enabled!
[   32.841627] ACPI: Battery Slot [BAT0] (battery present)
[   32.841781] Serial: 8250/16550 driver, 32 ports, IRQ sharing enabled
[   32.957003] 00:02: ttyS0 at I/O 0x3f8 (irq = 4, base_baud = 115200) is a 16550A
[   33.080433] Linux agpgart interface v0.103
[   33.187628] loop: module loaded
[   33.188430] scsi host0: ata_piix
[   33.188506] scsi host1: ata_piix
[   33.188553] ata1: PATA max UDMA/33 cmd 0x1f0 ctl 0x3f6 bmdma 0xd000 irq 14
[   33.188554] ata2: PATA max UDMA/33 cmd 0x170 ctl 0x376 bmdma 0xd008 irq 15
[   33.188655] libphy: Fixed MDIO Bus: probed
[   33.188659] tun: Universal TUN/TAP device driver, 1.6
[   33.188660] tun: (C) 1999-2004 Max Krasnyansky <maxk@qualcomm.com>
[   33.189114] PPP generic driver version 2.4.2
[   33.189193] ehci_hcd: USB 2.0 'Enhanced' Host Controller (EHCI) Driver
[   33.189202] ehci-pci: EHCI PCI platform driver
[   33.189215] ehci-platform: EHCI generic platform driver
[   33.189227] ohci_hcd: USB 1.1 'Open' Host Controller (OHCI) Driver
[   33.189231] ohci-pci: OHCI PCI platform driver
[   33.189243] ohci-platform: OHCI generic platform driver
[   33.189253] uhci_hcd: USB Universal Host Controller Interface driver
[   33.189343] i8042: PNP: PS/2 Controller [PNP0303:PS2K,PNP0f03:PS2M] at 0x60,0x64 irq 1,12
[   33.190020] serio: i8042 KBD port at 0x60,0x64 irq 1
[   33.190026] serio: i8042 AUX port at 0x60,0x64 irq 12
[   33.190171] mousedev: PS/2 mouse device common for all mice
[   33.190639] input: AT Translated Set 2 keyboard as /devices/platform/i8042/serio0/input/input2
[   33.191122] rtc_cmos rtc_cmos: rtc core: registered rtc_cmos as rtc0
[   33.191212] rtc_cmos rtc_cmos: alarms up to one day, 114 bytes nvram
[   33.191220] i2c /dev entries driver
[   33.191282] device-mapper: uevent: version 1.0.3
[   33.191405] device-mapper: ioctl: 4.34.0-ioctl (2015-10-28) initialised: dm-devel@redhat.com
[   33.191428] ledtrig-cpu: registered to indicate activity on CPUs
[   33.192148] NET: Registered protocol family 10
[   33.192350] NET: Registered protocol family 17
[   33.192370] Key type dns_resolver registered
[   33.192547] microcode: CPU0 sig=0x906e9, pf=0x8, revision=0x0
[   33.279700] microcode: CPU1 sig=0x906e9, pf=0x8, revision=0x0
[   33.279825] microcode: Microcode Update Driver: v2.01 <tigran@aivazian.fsnet.co.uk>, Peter Oruba
[   33.280028] registered taskstats version 1
[   33.280053] Loading compiled-in X.509 certificates
[   33.281082] Loaded X.509 cert 'Build time autogenerated kernel key: d1010f9627fd9242df4b03365d2931dfd1ad3d42'
[   33.281135] zswap: loaded using pool lzo/zbud
[   33.283372] Key type trusted registered
[   33.286847] Key type encrypted registered
[   33.286853] AppArmor: AppArmor sha1 policy hashing enabled
[   33.286858] ima: No TPM chip found, activating TPM-bypass!
[   33.286890] evm: HMAC attrs: 0x1
[   33.287259]   Magic number: 9:895:269
[   33.308855] rtc_cmos rtc_cmos: setting system clock to 2017-11-04 08:17:43 UTC (1509783463)
[   33.308992] BIOS EDD facility v0.16 2004-Jun-25, 0 devices found
[   33.308993] EDD information not available.
[   38.583293] Freeing unused kernel memory: 1492K
[   38.691169] Write protecting the kernel read-only data: 14336k
[   38.854013] Freeing unused kernel memory: 1748K
[   38.980970] Freeing unused kernel memory: 112K
Loading, please [   39.132475] random: systemd-udevd: uninitialized urandom read (16 bytes read, 7 bits of entropy available)
wait...
startin[   39.133255] random: udevadm: uninitialized urandom read (16 bytes read, 7 bits of entropy available)
g version 229
[   39.133306] random: udevadm: uninitialized urandom read (16 bytes read, 7 bits of entropy available)
[   39.133460] random: udevadm: uninitialized urandom read (16 bytes read, 7 bits of entropy available)
[   39.133518] random: udevadm: uninitialized urandom read (16 bytes read, 7 bits of entropy available)
[   39.133598] random: udevadm: uninitialized urandom read (16 bytes read, 7 bits of entropy available)
[   39.133671] random: udevadm: uninitialized urandom read (16 bytes read, 7 bits of entropy available)
[   39.133723] random: udevadm: uninitialized urandom read (16 bytes read, 7 bits of entropy available)
[   39.133772] random: udevadm: uninitialized urandom read (16 bytes read, 7 bits of entropy available)
[   39.133826] random: udevadm: uninitialized urandom read (16 bytes read, 7 bits of entropy available)
[   40.619236] e1000: Intel(R) PRO/1000 Network Driver - version 7.3.21-k8-NAPI
[   40.646170] e1000: Copyright (c) 1999-2006 Intel Corporation.
[   40.710484] Fusion MPT base driver 3.04.20
[   40.776748] Copyright (c) 1999-2008 LSI Corporation
[   40.871255] Fusion MPT SPI Host driver 3.04.20
[   40.965633] AVX version of gcm_enc/dec engaged.
[   41.091040] AES CTR mode by8 optimization enabled
[   41.371636] e1000 0000:00:03.0 eth0: (PCI:33MHz:32-bit) 02:6f:83:38:c1:e5
[   41.487924] e1000 0000:00:03.0 eth0: Intel(R) PRO/1000 Network Connection
[   41.595759] mptbase: ioc0: Initiating bringup
[   41.645750] e1000 0000:00:03.0 enp0s3: renamed from eth0
[   41.707598] ioc0: LSI53C1030 A0: Capabilities={Initiator}
[   41.867254] input: ImExPS/2 Generic Explorer Mouse as /devices/platform/i8042/serio1/input/input4
[   42.095658] scsi host2: ioc0: LSI53C1030 A0, FwRev=00000000h, Ports=1, MaxQ=256, IRQ=20
[   42.392491] scsi 2:0:0:0: Direct-Access     VBOX     HARDDISK         1.0  PQ: 0 ANSI: 5
[   42.627694] scsi target2:0:0: Beginning Domain Validation
[   42.773570] scsi target2:0:0: Domain Validation skipping write tests
[   42.892975] scsi target2:0:0: Ending Domain Validation
[   42.947910] scsi target2:0:0: asynchronous
[   43.003028] scsi 2:0:1:0: Direct-Access     VBOX     HARDDISK         1.0  PQ: 0 ANSI: 5
[   43.026682] scsi target2:0:1: Beginning Domain Validation
[   43.081989] scsi target2:0:1: Domain Validation skipping write tests
[   43.124288] scsi target2:0:1: Ending Domain Validation
[   43.151998] scsi target2:0:1: asynchronous
[   43.205657] sd 2:0:0:0: [sda] 20971520 512-byte logical blocks: (10.7 GB/10.0 GiB)
[   43.205770] sd 2:0:0:0: Attached scsi generic sg0 type 0
[   43.206410] sd 2:0:1:0: [sdb] 20480 512-byte logical blocks: (10.5 MB/10.0 MiB)
[   43.206589] sd 2:0:1:0: [sdb] Write Protect is off
[   43.206767] sd 2:0:1:0: [sdb] Incomplete mode parameter data
[   43.206768] sd 2:0:1:0: [sdb] Assuming drive cache: write through
[   43.207843] sd 2:0:1:0: Attached scsi generic sg1 type 0
[   43.218190] sd 2:0:1:0: [sdb] Attached SCSI disk
[   43.390443] sd 2:0:0:0: [sda] Write Protect is off
[   43.452428] sd 2:0:0:0: [sda] Incomplete mode parameter data
[   43.505935] sd 2:0:0:0: [sda] Assuming drive cache: write through
[   43.530244]  sda: sda1
[   43.555314] sd 2:0:0:0: [sda] Attached SCSI disk
[   43.712118] floppy0: no floppy controllers found
Begin: Loading essential drivers[   45.428874] md: linear personality registered for level -1
 ... [   45.461831] md: multipath personality registered for level -4
[   45.473600] md: raid0 personality registered for level 0
[   45.567990] md: raid1 personality registered for level 1
[   45.703361] raid6: sse2x1   gen()  4122 MB/s
[   45.875770] raid6: sse2x1   xor()  2839 MB/s
[   46.055297] raid6: sse2x2   gen()  5217 MB/s
[   46.227343] raid6: sse2x2   xor()  3839 MB/s
[   46.415294] raid6: sse2x4   gen()  5984 MB/s
[   46.491943] raid6: sse2x4   xor()  4067 MB/s
[   46.621926] raid6: using algorithm sse2x4 gen() 5984 MB/s
[   46.727969] raid6: .... xor() 4067 MB/s, rmw enabled
[   46.877299] raid6: using ssse3x2 recovery algorithm
[   47.008312] xor: automatically using best checksumming function:
[   47.191679]    avx       : 10467.000 MB/sec
[   47.254095] async_tx: api initialized (async)
[   47.343798] md: raid6 personality registered for level 6
[   47.480453] md: raid5 personality registered for level 5
[   47.545247] md: raid4 personality registered for level 4
[   47.685359] md: raid10 personality registered for level 10
done.
Begin: Running /scripts/init-premount ... done.
Begin: Mounting root file system ... Begin: Running /scripts/local-top ... done.
Begin: Running /scripts/local-premount ... [   47.762587] Btrfs loaded
Scanning for Btrfs filesystems
done.
Warning: fsck no[   47.821490] EXT4-fs (sda1): INFO: recovery required on readonly filesystem
t present, so sk[   47.998768] EXT4-fs (sda1): write access will be enabled during recovery
ipping root file system
[   48.449231] EXT4-fs (sda1): orphan cleanup on readonly fs
[   48.616940] EXT4-fs (sda1): 6 orphan inodes deleted
[   48.708767] EXT4-fs (sda1): recovery complete
[   48.830393] EXT4-fs (sda1): mounted filesystem with ordered data mode. Opts: (null)
done.
Begin: Running /scripts/local-bottom ... done.
Begin: Running /scripts/init-bottom ... done.
[   49.183225] random: nonblocking pool is initialized
[   49.345289] systemd[1]: systemd 229 running in system mode. (+PAM +AUDIT +SELINUX +IMA +APPARMOR +SMACK +SYSVINIT +UTMP +LIBCRYPTSETUP +GCRYPT +GNUTLS +ACL +XZ -LZ4 +SECCOMP +BLKID +ELFUTILS +KMOD -IDN)
[   49.666572] systemd[1]: Detected virtualization oracle.
[   49.740293] systemd[1]: Detected architecture x86-64.

Welcome to [1mUbuntu 16.04.2 LTS[0m!

[   49.908448] systemd[1]: Set hostname to <ubuntu-xenial>.
[   50.218412] systemd[1]: Listening on Journal Audit Socket.
[[0;32m  OK  [0m] Listening on Journal Audit Socket.
[   50.387817] systemd[1]: Listening on udev Kernel Socket.
[[0;32m  OK  [0m] Listening on udev Kernel Socket.
[   50.571764] systemd[1]: Started Forward Password Requests to Wall Directory Watch.
[[0;32m  OK  [0m] Started Forward Password Requests to Wall Directory Watch.
[   50.851997] systemd[1]: Set up automount Arbitrary Executable File Formats File System Automount Point.
[[0;32m  OK  [0m] Set up automount Arbitrary Executab...ats File System Automount Point.
[   51.203693] systemd[1]: Listening on /dev/initctl Compatibility Named Pipe.
[[0;32m  OK  [0m] Listening on /dev/initctl Compatibility Named Pipe.
[   51.423738] systemd[1]: Reached target User and Group Name Lookups.
[[0;32m  OK  [0m] Reached target User and Group Name Lookups.
[   51.673985] systemd[1]: Listening on LVM2 poll daemon socket.
[[0;32m  OK  [0m] Listening on LVM2 poll daemon socket.
[   51.823651] systemd[1]: Listening on Syslog Socket.
[[0;32m  OK  [0m] Listening on Syslog Socket.
[   51.884754] systemd[1]: Reached target Encrypted Volumes.
[[0;32m  OK  [0m] Reached target Encrypted Volumes.
[   51.976191] systemd[1]: Created slice User and Session Slice.
[[0;32m  OK  [0m] Created slice User and Session Slice.
[   52.167881] systemd[1]: Created slice System Slice.
[[0;32m  OK  [0m] Created slice System Slice.
[   52.311853] systemd[1]: Created slice system-serial\x2dgetty.slice.
[[0;32m  OK  [0m] Created slice system-serial\x2dgetty.slice.
[   52.465267] systemd[1]: Listening on Journal Socket (/dev/log).
[[0;32m  OK  [0m] Listening on Journal Socket (/dev/log).
[   52.631992] systemd[1]: Reached target Slices.
[[0;32m  OK  [0m] Reached target Slices.
[   52.787608] systemd[1]: Listening on Device-mapper event daemon FIFOs.
[[0;32m  OK  [0m] Listening on Device-mapper event daemon FIFOs.
[   52.947775] systemd[1]: Listening on LVM2 metadata daemon socket.
[[0;32m  OK  [0m] Listening on LVM2 metadata daemon socket.
[   53.031810] systemd[1]: Listening on Journal Socket.
[[0;32m  OK  [0m] Listening on Journal Socket.
[   53.223737] systemd[1]: Starting Monitoring of LVM2 mirrors, snapshots etc. using dmeventd or progress polling...
         Starting Monitoring of LVM2 mirrors... dmeventd or progress polling...
[   53.447501] systemd[1]: Starting Load Kernel Modules...
[   53.503663] Loading iSCSI transport class v2.0-870.
         Starting Load Kernel Mo[   53.658661] iscsi: registered transport (tcp)
dules...
[   53.787727] systemd[1]: Starting Uncomplicated firewall...
         Starting Uncomplicated [   53.844075] iscsi: registered transport (iser)
firewall...
[   54.023543] systemd[1]: Starting Nameserver information manager...
         Starting Nameserver information manager...
[   54.115556] systemd[1]: Starting Create list of required static device nodes for the current kernel...
         Starting Create list of required st... nodes for the current kernel...
[   54.423615] systemd[1]: Mounting Huge Pages File System...
         Mounting Huge Pages File System...
[   54.608119] systemd[1]: Mounting Debug File System...
         Mounting Debug File System...
[   54.791525] systemd[1]: Starting Remount Root and Kernel File Systems...
[   54.797772] EXT4-fs (sda1): re-mounted. Opts: (null)
         Starting Remount Root and Kernel File Systems...
[   55.119468] systemd[1]: Starting Set console keymap...
         Starting Set console keymap...
[   55.191895] systemd[1]: Mounting POSIX Message Queue File System...
         Mounting POSIX Message Queue File System...
[   55.408076] systemd[1]: Starting Journal Service...
         Starting Journal Service...
[   55.535606] systemd[1]: Listening on udev Control Socket.
[[0;32m  OK  [0m] Listening on udev Control Socket.
[   55.708145] systemd[1]: Reached target Swap.
[[0;32m  OK  [0m] Reached target Swap.
[   55.873893] systemd[1]: Mounted Debug File System.
[[0;32m  OK  [0m] Mounted Debug File System.
[   56.023665] systemd[1]: Mounted Huge Pages File System.
[[0;32m  OK  [0m] Mounted Huge Pages File System.
[   56.175703] systemd[1]: Mounted POSIX Message Queue File System.
[[0;32m  OK  [0m] Mounted POSIX Message Queue File System.
[   56.268034] systemd[1]: Started Journal Service.
[[0;32m  OK  [0m] Started Journal Service.
[[0;32m  OK  [0m] Started Load Kernel Modules.
[[0;32m  OK  [0m] Started Uncomplicated firewall.
[[0;32m  OK  [0m] Started Create list of required sta...ce nodes for the current kernel.
[[0;32m  OK  [0m] Started Remount Root and Kernel File Systems.
[[0;32m  OK  [0m] Started Set console keymap.
[[0;32m  OK  [0m] Started Nameserver information manager.
[[0;32m  OK  [0m] Started LVM2 metadata daemon.
         Starting Initial cloud-init job (pre-networking)...
         Starting udev Coldplug all Devices...
         Starting Load/Save Random Seed...
         Starting Create Static Device Nodes in /dev...
         Starting Apply Kernel Variables...
         Mounting FUSE Control File System...
         Starting Flush Journal to Persistent Storage...
[[0;32m  OK  [0m] Mounted FUSE Control File System.
[[0;32m  OK  [0m] Started Monitoring of LVM2 mirrors,...ng dmeventd or progress polling.
[[0;32m  OK  [0m] Started Load/Save Random Seed.
[[0;32m  OK  [0m] Started Create Static Device Nodes in /dev.
[[0;32m  OK  [0m] Started Apply Kernel Variables.
[[0;32m  OK  [0m] Started udev Coldplug all Devices.
[[0;32m  OK  [0m] Started Flush Journal to Persistent Storage.
         Starting udev Kernel Device Manager...
[[0;32m  OK  [0m] Started udev Kernel Device Manager.
[[0;32m  OK  [0m] Started Dispatch Password Requests to Console Directory Watch.
[[0;32m  OK  [0m] Reached target Local File Systems (Pre).
[[0;32m  OK  [0m] Reached target Local File Systems.
         Starting Set console font and keymap...
         Starting LSB: AppArmor initialization...
         Starting Tell Plymouth To Write Out Runtime Data...
         Starting Create Volatile Files and Directories...
[[0;32m  OK  [0m] Started Tell Plymouth To Write Out Runtime Data.
[   30.766137] cloud-init[447]: Cloud-init v. 0.7.9 running 'init-local' at Sat, 04 Nov 2017 08:18:08 +0000. Up 30.11 seconds.
[[0;32m  OK  [0m] Started Create Volatile Files and Directories.
[[0;32m  OK  [0m] Started Initial cloud-init job (pre-networking).
[[0;32m  OK  [0m] Found device /dev/ttyS0.
[[0;32m  OK  [0m] Started Set console font and keymap.
[[0;32m  OK  [0m] Listening on Load/Save RF Kill Switch Status /dev/rfkill Watch.
[[0;32m  OK  [0m] Created slice system-getty.slice.
[[0;32m  OK  [0m] Reached target Network (Pre).
         Starting Update UTMP about System Boot/Shutdown...
[[0;32m  OK  [0m] Reached target System Time Synchronized.
[[0;32m  OK  [0m] Started LSB: AppArmor initialization.
[[0;32m  OK  [0m] Started ifup for enp0s3.
         Starting Raise network interfaces...
[[0;32m  OK  [0m] Started Update UTMP about System Boot/Shutdown.
[[0;32m  OK  [0m] Started Raise network interfaces.
         Starting Initial cloud-init job (metadata service crawler)...
[[0;32m  OK  [0m] Reached target Network.
[   34.248261] cloud-init[965]: Cloud-init v. 0.7.9 running 'init' at Sat, 04 Nov 2017 08:18:11 +0000. Up 33.81 seconds.
[   34.360699] [cloud-init[0;32m  OK  [0m[965]: ] ci-info: +++++++++++++++++++++++++++++++++++++Net device info++++++++++++++++++++++++++++++++++++++Started Initial cloud-init job (metadata service crawler).

[   34.361403] cloud-init[965]: ci-info: +--------+------+----------------------------+---------------+-------+-------------------+
[   34.668575] [cloud-init[0;32m  OK  [0m[965]: ] ci-info: | Device |  Up  |          Address           |      Mask     | Scope |     Hw-Address    |Reached target Cloud-config availability.

[   34.856419] [cloud-init[0;32m  OK  [0m[965]: ] ci-info: +--------+------+----------------------------+---------------+-------+-------------------+Reached target Network is Online.

[   34.857225] cloud-init[965]: ci-info: | enp0s3 | True |         10.0.2.15          | 255.255.255.0 |   .   | 02:6f:83:38:c1:e5 |
[   35.120575]          cloud-initStarting iSCSI initiator daemon (iscsid)...[965]: 
ci-info: | enp0s3 | True | fe80::6f:83ff:fe38:c1e5/64 |       .       |  link | 02:6f:83:38:c1:e5 |
[   35.296608] [cloud-init[0;32m  OK  [0m[965]: ] ci-info: |   lo   | True |         127.0.0.1          |   255.0.0.0   |   .   |         .         |Reached target System Initialization.

[   35.297330] [[0;32m  OK  [0m] Started Daily Cleanup of Temporary Directories.
cloud-init[965]: ci-info: |   lo   | True |          ::1/128           |       .       |  host |         .         |
[   35.669346]          cloud-initStarting LXD - unix socket.[965]: 
ci-info: +--------+------+----------------------------+---------------+-------+-------------------+
[   35.670200]          cloud-initStarting Socket activation for snappy daemon.[965]: 
ci-info: +++++++++++++++++++++++++++Route IPv4 info++++++++++++++++++++++++++++
[   35.976664] [cloud-init[0;32m  OK  [0m[965]: ] ci-info: +-------+-------------+----------+---------------+-----------+-------+Listening on ACPID Listen Socket.

[   36.044622] [cloud-init[0;32m  OK  [0m[965]: ] ci-info: | Route | Destination | Gateway  |    Genmask    | Interface | Flags |Started Daily apt activities.

[   36.185350] [cloud-init[0;32m  OK  [0m[965]: ] ci-info: +-------+-------------+----------+---------------+-----------+-------+Listening on UUID daemon activation socket.

[   36.356828] [cloud-init[0;32m  OK  [0m[965]: ] ci-info: |   0   |   0.0.0.0   | 10.0.2.2 |    0.0.0.0    |   enp0s3  |   UG  |Started Timer to automatically refresh installed snaps.

[   36.357594] cloud-init[965]: ci-info: |   1   |   10.0.2.0  | 0.0.0.0  | 255.255.255.0 |   enp0s3  |   U   |
[   36.664425] [cloud-init[0;32m  OK  [0m[965]: ] ci-info: +-------+-------------+----------+---------------+-----------+-------+Started ACPI Events Check.

[[0;32m  OK  [0m] Started Trigger resolvconf update for networkd DNS.
[[0;32m  OK  [0m] Reached target Paths.
[[0;32m  OK  [0m] Listening on D-Bus System Message Bus Socket.
[[0;32m  OK  [0m] Started Clean PHP session files every 30 mins.
[[0;32m  OK  [0m] Reached target Timers.
[[0;32m  OK  [0m] Listening on LXD - unix socket.
[[0;32m  OK  [0m] Listening on Socket activation for snappy daemon.
[[0;32m  OK  [0m] Started iSCSI initiator daemon (iscsid).
         Starting Login to default iSCSI targets...
[[0;32m  OK  [0m] Reached target Sockets.
[[0;32m  OK  [0m] Reached target Basic System.
[[0;32m  OK  [0m] Started Deferred execution scheduler.
         Starting Accounts Service...
[[0;32m  OK  [0m] Started Snappy daemon.
[[0;32m  OK  [0m] Started Regular background program processing daemon.
         Starting System Logging Service...
         Starting LSB: Record successful boot for GRUB...
         Starting vboxadd-x11.service...
         Starting LXD - container startup/shutdown...
         Starting OpenBSD Secure Shell server...
         Starting Clean php session files...
         Starting MySQL Community Server...
[[0;32m  OK  [0m] Started ACPI event daemon.
         Starting Apply the settings specified in cloud-config...
         Starting vboxadd.service...
[[0;32m  OK  [0m] Started FUSE filesystem for LXC.
         Starting /etc/rc.local Compatibility...
[[0;32m  OK  [0m] Started D-Bus System Message Bus.
         Starting Auto import assertions from block devices...
         Starting LSB: MD monitoring daemon...
         Starting Login Service...
[[0;32m  OK  [0m] Started System Logging Service.
[[0;32m  OK  [0m] Started OpenBSD Secure Shell server.
[[0;32m  OK  [0m] Started vboxadd-x11.service.
[[0;32m  OK  [0m] Started LXD - container startup/shutdown.
[[0;32m  OK  [0m] Started /etc/rc.local Compatibility.
[[0;32m  OK  [0m] Started Auto import assertions from block devices.
[[0;32m  OK  [0m] Started Login to default iSCSI targets.
[[0;32m  OK  [0m] Started LSB: Record successful boot for GRUB.
[[0;32m  OK  [0m] Started LSB: MD monitoring daemon.
         Starting Authenticate and Authorize Users to Run Privileged Tasks...
[[0;32m  OK  [0m] Reached target Remote File Systems (Pre).
[[0;32m  OK  [0m] Reached target Remote File Systems.
         Starting LSB: automatic crash report generation...
         Starting Permit User Sessions...
         Starting LSB: daemon to balance interrupts for SMP systems...
         Starting LSB: Apache2 web server...
         Starting LSB: Set the CPU Frequency Scaling governor to "ondemand"...
[[0;32m  OK  [0m] Started Clean php session files.
[[0;32m  OK  [0m] Started vboxadd.service.
[[0;32m  OK  [0m] Started Permit User Sessions.
[[0;32m  OK  [0m] Started Login Service.
[[0;32m  OK  [0m] Started Authenticate and Authorize Users to Run Privileged Tasks.
[[0;32m  OK  [0m] Started Accounts Service.
         Starting Hold until boot process finishes up...
         Starting Terminate Plymouth Boot Screen...
         Starting vboxadd-service.service...
[[0;32m  OK  [0m] Started LSB: automatic crash report generation.
[[0;32m  OK  [0m] Started LSB: daemon to balance interrupts for SMP systems.
[[0;32m  OK  [0m] Started LSB: Set the CPU Frequency Scaling governor to "ondemand".
[[0;32m  OK  [0m] Started Hold until boot process finishes up.
[[0;32m  OK  [0m] Started Terminate Plymouth Boot Screen.
[[0;32m  OK  [0m] Started vboxadd-service.service.
[   39.505341] cloud-init[1105]: Cloud-init v. 0.7.9 running 'modules:config' at Sat, 04 Nov 2017 08:18:17 +0000. Up 39.21 seconds.
         Starting Set console scheme...
[[0;32m  OK  [0m] Started Getty on tty1.
[[0;32m  OK  [0m] Started Serial Getty on ttyS0.
[[0;32m  OK  [0m] Reached target Login Prompts.
[[0;32m  OK  [0m] Started Apply the settings specified in cloud-config.
[[0;32m  OK  [0m] Started Set console scheme.
[[0;32m  OK  [0m] Started MySQL Community Server.
[[0;32m  OK  [0m] Started LSB: Apache2 web server.
[[0;32m  OK  [0m] Reached target Multi-User System.
         Starting Execute cloud user/final scripts...
[[0;32m  OK  [0m] Reached target Graphical Interface.
         Starting Update UTMP about System Runlevel Changes...
[[0;32m  OK  [0m] Started Update UTMP about System Runlevel Changes.
[   41.514394] cloud-init[1391]: Cloud-init v. 0.7.9 running 'modules:final' at Sat, 04 Nov 2017 08:18:19 +0000. Up 41.33 seconds.
[   41.665000] [cloud-init[0;32m  OK  [0m[1391]: ] Cloud-init v. 0.7.9 finished at Sat, 04 Nov 2017 08:18:19 +0000. Datasource DataSourceNoCloud [seed=/dev/sdb][dsmode=net].  Up 41.50 secondsStarted Execute cloud user/final scripts.

[[0;32m  OK  [0m] Reached target Cloud-init target.

Ubuntu 16.04.2 LTS ubuntu-xenial ttyS0

ubuntu-xenial login: 